success,38431,1,0x32be0c9ce8fa0da2b2afe8dba46fcd496a4abc024943d09089cf0f5c01fafdfb,9014,9012,0x20ea…a309,0xdd04…68f2,1
success,38431,1,0xbdbcead60ad0129a1bbc6f764bb6f417e8d9d62bb13666ee5d2fa7d1108c04c6,9014,9012,0x3f43…f1b8,0x8491…e161,1
success,38431,1,0x8e54b5d7be5dfb43d189af2b933d24d50437198cca1d448ca022e172fe1964ea,9014,9012,0x8e6c…f4a6,0xf780…d4cc,1
success,38431,1,0x0c792647ab1a1503f2c8d7258d9e567ece1fddf1ec84df9a01bfd778c5cf99cc,9014,9012,0x1999…9702,0x2687…f2d4,1
success,38431,1,0xd7a28236b83cc4386e9dcf325e4b7c5c04880075059a3fc3f29c15816c370c9a,9014,9012,0x809f…ed77,0x3db8…e35f,1
success,38431,1,0x1035c7083ad2e0a5bf00de8a5b9c7ddb7597ee69d90feecacf2b3ae87050c02d,9014,9012,0x9913…93e2,0xa87b…1abc,1
success,38431,1,0xd1ad2ca830badbb83782ac9f71aac409607ae222f57533f19c83fbdd7f95aef7,9014,9012,0x72c9…d89b,0x1152…734b,1
success,38431,1,0xa3272f84ab8636054f748e54c88be247c9355c9eba358f6d17e25e668cd4c58a,9014,9012,0x98e9…c732,0x50b3…0081,1
success,38431,2,0xcca8dc4069cda340325f3ebd76fd64ecdaeed1be0a705d8837508ff794cd36ed,9014,9012,0xc3e8…ba86,0xbd9a…5b78,1
success,38431,2,0x20d7e6e92b0cc9fce18b4aac139845532274c73368bfcbe508d95552da58087e,9014,9012,0x6c63…6956,0xb42a…0ec8,1
success,38431,2,0x8fb68c2b64367ccca83f811adadf6960a5ed17b53020ca7c529a23be1c8d7e2f,9014,9012,0x20ea…a309,0xdd04…68f2,1
success,38431,2,0x480b6f03b5ef77d525119d02f991f3fdd7e2e24c1aed4a01f001a8f394aac56d,9014,9012,0x3f43…f1b8,0x8491…e161,1
success,38431,2,0x344c5f9da2dc63a578dde94bff84b5ec25ecea7328e345e42af0e1c33103ba64,9014,9012,0x8e6c…f4a6,0xf780…d4cc,1
success,38431,2,0xde02987b1e930419465b68c5dbf68c8ecd7e17557f8340273ef2dcc8af8f8b48,9014,9012,0x1999…9702,0x2687…f2d4,1
success,38431,2,0x3909a455cbae569c3423d9afa85f1e92b773e9e4b48fc6881260a64b42ab413c,9014,9012,0x809f…ed77,0x3db8…e35f,1
success,38433,2,0x6047135d848793c621349e04f37199232e1f71c8480f9793db2f8c8c06059f47,9014,9012,0x9913…93e2,0xa87b…1abc,1
success,38431,2,0xe059e2893282d04c38c9ed8c1e6e49318d6a49ef43b2297d6a636892285434ee,9014,9012,0x72c9…d89b,0x1152…734b,1
success,38431,2,0xa92bb3378cd85dafaec88b9916e258eee08fadbcd35a1f3e139a9afb87aaff04,9014,9012,0x98e9…c732,0x50b3…0081,1
success,38431,3,0xa55735e3f97045e68aa9f1eb355870b531281f47d8993995af89d5e9c1db2753,9014,9012,0xc3e8…ba86,0xbd9a…5b78,1
success,38431,3,0x1d835104d11bbbb258a80a0a684547a4cb3b9b63bc3b1a1dadbc27d20b5f7f75,9014,9012,0x6c63…6956,0xb42a…0ec8,1
success,38431,3,0x1062e9cda81e61f5d7a8d22e0862d769a7907b92c3fcba0ee72b96133460b467,9014,9012,0x20ea…a309,0xdd04…68f2,1
success,38431,3,0xae1fc8f2eb45c1f9e0ba39dc64f6830ebedb41d09e446a521115022fe1afb602,9014,9012,0x3f43…f1b8,0x8491…e161,1
success,38431,3,0xc9f3b8af9dbc5f483cb24efc87cf35ebe915365fd8601091e37743a9d5d0e7a7,9014,9012,0x8e6c…f4a6,0xf780…d4cc,1
success,38431,3,0x14a604d305a40dae91322d69e0f2f7455d11027e884878521b4206f658fd4c78,9014,9012,0x1999…9702,0x2687…f2d4,1
success,38431,3,0xfa56990a5af41a93530a89fc61db1e4273ee9b1ebfb6ea0fc9867747c3654853,9014,9012,0x809f…ed77,0x3db8…e35f,1
success,38433,3,0x9629e6111d30d4c8ad94ad9905d1f8d57e3df3704392cac2ed7cbf3ce460bd15,9014,9012,0x9913…93e2,0xa87b…1abc,1
success,38431,3,0x9d4df42cfb2e1bbd2f2fbff91e4dee5b7f978dd56f3d1027b4f294ecfd54c49a,9014,9012,0x72c9…d89b,0x1152…734b,1
success,38431,3,0xc72b953071f6973b5e582902e3aeca1c739058127b107d135044e3cd4c850d3a,9014,9012,0x98e9…c732,0x50b3…0081,1
success,38431,4,0x5537ed9927a77cca6e87c9a088f1c5b3c7d5ba22aedcefe7fcc2f37a8df64c34,9014,9012,0xc3e8…ba86,0xbd9a…5b78,1
success,38431,4,0xcc8f4bd491d5a812fd7b1904df1496f2c2ae59871831170c962037705e3c0675,9014,9012,0x6c63…6956,0xb42a…0ec8,1
success,38431,4,0x8dbc992a84154aceab85c64958d6a6a49949d5011036abb0cfc3a83c93c6b945,9014,9012,0x20ea…a309,0xdd04…68f2,1
success,38433,4,0xd74be23d96038605131fc0898afff8414761fbd8157f562af0bfdd5e1989836a,9014,9012,0x3f43…f1b8,0x8491…e161,1
success,38433,4,0x95e5ad9b28603e32e61f94f1b2704c8da0668bece2e597c8f4f70227953aa809,9014,9012,0x8e6c…f4a6,0xf780…d4cc,1
success,38433,4,0xc64460f98aa2a66802b1a9846a735928be09a89354aefe767a3e10bc82e5c964,9014,9012,0x1999…9702,0x2687…f2d4,1
success,38433,4,0x5a67ed92ab73293ee2f11731a89c3e96b3165abcdd071ecbd4458d3f2c666abb,9014,9012,0x809f…ed77,0x3db8…e35f,1
success,38433,4,0xb265c385719c335e918f882a300c497d3a83f7c40c4c8c4f1bcad376509ea0b3,9014,9012,0x9913…93e2,0xa87b…1abc,1
success,38433,4,0xeec77f4ab9e24b770a8bf105e4a02e7f56b0fb1e1400ff241dd74326e92ebcf8,9014,9012,0x72c9…d89b,0x1152…734b,1
success,38433,4,0x4639d11cd315d0c04d383d0ab7f546397c9d79a857f9e4eadc9dc8bd05b00d76,9014,9012,0x98e9…c732,0x50b3…0081,1
success,38433,5,0xcbeb5ecca8107aed63371fe13c4184c74531b80e4d365a8a6f0e11cd0bb47af4,9014,9012,0xc3e8…ba86,0xbd9a…5b78,1
success,38433,5,0xd583f0c425d4f7cd1766f382ff86566e06511d46c81d13333d308908835e94c7,9014,9012,0x6c63…6956,0xb42a…0ec8,1
success,38433,5,0x99e47c4d5cab4243af41429d96dfa92dc77a8c45e87fe8f59dac474f003b5675,9014,9012,0x20ea…a309,0xdd04…68f2,1
success,38433,5,0x9b7fe2df5ba239f1131893986abba770108e7033f5189a0f7b46774aa0c4e5db,9014,9012,0x3f43…f1b8,0x8491…e161,1
success,38433,5,0x491ac67824b2a20717237610437ee917ba0f902a3a4480ad09bf0542abab31f6,9014,9012,0x8e6c…f4a6,0xf780…d4cc,1
success,38433,5,0x49d2a74038bf1ccc5b14a51a9d8f2168f6c497d942bde2c278c09e59428230ac,9014,9012,0x1999…9702,0x2687…f2d4,1
success,38433,5,0xf296fae851b565f799f1cf91a8359e1edda75f3b45d9ec5f222a0c6a0e45ec41,9014,9012,0x809f…ed77,0x3db8…e35f,1
success,38433,5,0xbfd1d3ab52690709fcd16a3177b54db5811942ee7369ceb3f435b7e9dbab9e1f,9014,9012,0x9913…93e2,0xa87b…1abc,1
success,38433,5,0xe9d7b1342f99a1f465c8ee93487db6dcc4f974b43cc5a5e3dd03097704d19140,9014,9012,0x72c9…d89b,0x1152…734b,1
success,38433,5,0x9b470324a167cdff7474727cec965ff7b8d85a936c11a660f833b82f91137fbb,9014,9012,0x98e9…c732,0x50b3…0081,1
success,38433,6,0x2922d396a786d1c1efdafd7a7a9696be568cfb0af708a8abffecb486ef999c29,9014,9012,0xc3e8…ba86,0xbd9a…5b78,1
success,38433,6,0x7fea3b24a85d90395a7be603e7faf1cdded49132e02c1b0be9c78a26718e61be,9014,9012,0x6c63…6956,0xb42a…0ec8,1
success,38433,6,0xc2f7f2b2e082a667247c50155cc8f7768378f8c38c1ef4d5151365979a2fd10a,9014,9012,0x20ea…a309,0xdd04…68f2,1
success,38433,6,0xb4114cac4299108689152affe0fe3b8ca6f916aa585c269d4f8cc61cc37c1459,9014,9012,0x3f43…f1b8,0x8491…e161,1
success,38433,6,0xf7412247dc7a02053384afd7fffe1dd0b0f116e8bb949cc7ad2ee13a83305c94,9014,9012,0x8e6c…f4a6,0xf780…d4cc,1
success,38433,6,0xcd816746861a0aa58a8d8351dbf50d0f995bcefa0234011c32051a0cf1ff4368,9014,9012,0x1999…9702,0x2687…f2d4,1
success,38433,6,0xbe87c84a9a722cf0d2cbac247a1c1513bcf9f08c3d1715209a34e73feffea984,9014,9012,0x809f…ed77,0x3db8…e35f,1
success,38433,6,0xfaef03644d32be398a42d7882f9c4d067fa4492905a80fdb7593ed27dd40ab9d,9014,9012,0x9913…93e2,0xa87b…1abc,1
success,38433,6,0xb317e97ebd297efa4b9feced238f52ba8420a2ad029cbfc5fe0d0fea714f944a,9014,9012,0x72c9…d89b,0x1152…734b,1
success,38433,6,0x7b06c2753a3cbe7e81fd9864ea14a1b0f4d91eb2283077183953a14d0547b814,9014,9012,0x98e9…c732,0x50b3…0081,1
success,38433,7,0x3ebf6300f366a5e5c13913a37183f3f4ef3abca81dea3d3c490e0feb4a189efb,9014,9012,0xc3e8…ba86,0xbd9a…5b78,1
success,38433,7,0xc799bb4c17aeaa6e6cd6264d7ce85e9949359a80616d7fb6921ba8b25a54468f,9014,9012,0x6c63…6956,0xb42a…0ec8,1
success,38433,7,0xf002656282acc5c0094b0b3b6bf26defbba083260b086078d3afefb7a091e898,9014,9012,0x20ea…a309,0xdd04…68f2,1
success,38433,7,0xf4831239a0192db39d518a562f6f601e42d0804782203dc150fd30206d7be0b7,9014,9012,0x3f43…f1b8,0x8491…e161,1
success,38433,7,0x8e267a47898c990b3e764c79c9336df3aba36f136f95eef7d6f92ab3bda51f57,9014,9012,0x8e6c…f4a6,0xf780…d4cc,1
success,38433,7,0xe8fd8490d6dc56786690534b6c62f03eabc1c739d3a59cf8f661c4964c32a357,9014,9012,0x1999…9702,0x2687…f2d4,1
success,38433,7,0x80c4bebeb0951d38be9f523c6d0f97ff604d8f9042a84b91c6c9d624107d21c1,9014,9012,0x809f…ed77,0x3db8…e35f,1
success,38433,7,0xfeb4d6af031e100dddf18e7a01862630ad427488b63da1803ef3323686273c06,9014,9012,0x9913…93e2,0xa87b…1abc,1
success,38433,7,0x5c4b79dea0143467f09899a024100680d95978220114d24a6e816009071d0540,9014,9012,0x72c9…d89b,0x1152…734b,1
success,38433,7,0xba2e32a0b5322855e854fbe6e6e16be543b096d1cf01e029b977dc0b115dccc4,9014,9012,0x98e9…c732,0x50b3…0081,1
success,38433,8,0xec191c0fa827c9d49188f33060557fbfc69ec46a608955d8ceb7d2e4c653396f,9014,9012,0xc3e8…ba86,0xbd9a…5b78,1
success,38433,8,0xf29b529d2fa1d9ef3fb70e0f64bc2184591a7592782e8f361010efd7f957c63e,9014,9012,0x6c63…6956,0xb42a…0ec8,1
success,38433,8,0x1583d58dfc80fcb0bfe2f4fe10877d7eef1cba208ce989d67b57ec8bef0297d3,9014,9012,0x20ea…a309,0xdd04…68f2,1
success,38433,8,0xc38fe567477880834a3216a4b63610167e52498a50e3fd7fdfe969f0a200d2bf,9014,9012,0x3f43…f1b8,0x8491…e161,1
success,38433,8,0xca03b90cdad8a0fe6d98b599d99910b54ecd45aab85d52c0f2ada91d33d071d4,9014,9012,0x8e6c…f4a6,0xf780…d4cc,1
success,38433,8,0xa4c824660feadc7194fcfc2608cea909436db5036be46476372b3e7e4882b87b,9014,9012,0x1999…9702,0x2687…f2d4,1
success,38433,8,0xdd5161f9043888be68fbd474afea14cfc64ed64d5c154ed26b7f595a8cb0e3d3,9014,9012,0x809f…ed77,0x3db8…e35f,1
success,38433,8,0xf243ccc89a2bd12ca43d415a80af43253ec564744b5aecb2dfaf44914f643fcf,9014,9012,0x9913…93e2,0xa87b…1abc,1
success,38433,8,0xc1babb407f2b7ad05373c51ac903e25b18644e30830fb31c734002023711372e,9014,9012,0x72c9…d89b,0x1152…734b,1
success,38433,8,0x973f8783089343f7f3cbdecbbc97b41bf8bd45e45460004bc219d4f8fe709197,9014,9012,0x98e9…c732,0x50b3…0081,1
success,38433,9,0x7af4483ba2bf123c36ba3d43e18c586356b076965c5bb2d1dade421a55774840,9014,9012,0xc3e8…ba86,0xbd9a…5b78,1
success,38433,9,0x9be40145bf76c8c1e83ebeb2e247e5febc0c6668b68603ab952012836a74fba4,9014,9012,0x6c63…6956,0xb42a…0ec8,1
success,38433,9,0xfcb2ed272bbbd7a53bd141af330078abfc05d9a434a79a0927fc18938082aec2,9014,9012,0x20ea…a309,0xdd04…68f2,1
success,38433,9,0x72ee2c321aa3b229e3e88c8e64ceb9fb5d31e2ebaa3cded0f7a02617e7ee6f69,9014,9012,0x3f43…f1b8,0x8491…e161,1
success,38433,9,0xd1998520038ffd6f43c4d216aa201e31a93234af0ee6b622f48030f41f112baa,9014,9012,0x8e6c…f4a6,0xf780…d4cc,1
success,38433,9,0xaf1b03f48e672b9d2d730df724a48b3526755bd798660b622e04052d77e7f06d,9014,9012,0x1999…9702,0x2687…f2d4,1
success,38433,9,0x64aedb00d6c6b3b24a8356dd2e8b9c2cb07976dd1ae7bd49ef131235d277de9b,9014,9012,0x809f…ed77,0x3db8…e35f,1
success,38433,9,0x6f85dbd04feceddec93b174647c51bcedd4463cad7b4c789c4302088b9a17707,9014,9012,0x9913…93e2,0xa87b…1abc,1
success,38433,9,0x654a13862c148ba46137977a0c58db57465cb3a02db9ebed7bde9694c6a367c7,9014,9012,0x72c9…d89b,0x1152…734b,1
success,38433,9,0x1c359ae0b3d0519cbc9dad1322b24cb5460d994b95c45e15a3037704de7e1341,9014,9012,0x98e9…c732,0x50b3…0081,1
success,38433,10,0x2425b2bb32451f7724acb683b6cb0ada087a9a251018ef158144be35639768da,9014,9012,0xc3e8…ba86,0xbd9a…5b78,1
success,38433,10,0x4683c8bdae5d5f17c03d678a899c91d7fac8d452794d8fc296c509514c1b0087,9014,9012,0x6c63…6956,0xb42a…0ec8,1
success,38433,10,0xb5bcb12eb00d2678ec6ffda546e4b7565c158dbd54bb8b98e32a34b82ffb98d9,9014,9012,0x20ea…a309,0xdd04…68f2,1
success,38433,10,0x0822dd4677eed73435dfdfb84d3386c37b58e635c3d96b2d9b974089103c74cb,9014,9012,0x3f43…f1b8,0x8491…e161,1
success,38433,10,0x4740435e0c647226749f761e4fcd6576b12b9199dad69877aa46735b29babfd2,9014,9012,0x8e6c…f4a6,0xf780…d4cc,1
success,38433,10,0x375f5da64d1172bf0dfc39c2ce1c409406290da85cef60e0e1d9d9ee2ea3ab3e,9014,9012,0x1999…9702,0x2687…f2d4,1
success,38433,10,0x2622d564d4e4e4ed7617743156366b595a9673b3fecd6a027845c1c8a8d9c291,9014,9012,0x809f…ed77,0x3db8…e35f,1
success,38433,10,0xe2d7cd19cf3583feb309995219b0dd84683a427d6accc16031ee390a9aca0521,9014,9012,0x9913…93e2,0xa87b…1abc,1
success,38433,10,0xaf1f41a3c7cb6471c837a90cc18afe3b875916e700518f7d4659855e708a2a9b,9014,9012,0x72c9…d89b,0x1152…734b,1
success,38433,10,0x0795cbb063a396057186e800eb56c0804f2bb2e72d7472d3e9be9457ee8a5c1e,9014,9012,0x98e9…c732,0x50b3…0081,1
success,38433,11,0x6c4d99630ea332c2f43b34f68896341ea7c81fcf4c866a64a5739c240a4a39c2,9014,9012,0xc3e8…ba86,0xbd9a…5b78,1
success,38433,11,0x9148bd2a419e40b204f0d50147a6e8d6be14f0b69c7ea00c6c00f9ec598fe85b,9014,9012,0x6c63…6956,0xb42a…0ec8,1
success,38433,11,0xbd32f529e1a06435c88c3925ef0831261a2b57f0184cd5d363dddf52f9d85198,9014,9012,0x20ea…a309,0xdd04…68f2,1
success,38433,11,0x476c7afde5d388ca69cbd31842b0438c5303bca490172498c72fb44ed45b4590,9014,9012,0x3f43…f1b8,0x8491…e161,1
success,38433,11,0x7da75ca7a2b8f973d791dbd89b754e2cf07f1d726ca1b5cbf26a2fd201829eee,9014,9012,0x8e6c…f4a6,0xf780…d4cc,1
success,38433,11,0xffe9ad9a311a1fd29fe283dedaa8feab03b012e19b1d89d2d30207d28da8b2e1,9014,9012,0x1999…9702,0x2687…f2d4,1
success,38433,11,0x6d3614b53a948225ceef76c01a1f6771b2954e33dead307df4735b55b8855c73,9014,9012,0x809f…ed77,0x3db8…e35f,1
success,38433,11,0xba8cf0f89d16972c9b62e7d698a6d2c65be57e68e5dc6293a3b380cd879a2f83,9014,9012,0x9913…93e2,0xa87b…1abc,1
success,38433,11,0xfc3766cfe7784c8e3f9a2f207003fbcabb6683c4fde79e4cc8870b0b82a81483,9014,9012,0x72c9…d89b,0x1152…734b,1
success,38433,11,0x2842ece3ff112b941ce0f0eb0f89fb083ce1ac02c6e4f93aa0598241c7c3f8f7,9014,9012,0x98e9…c732,0x50b3…0081,1
success,38433,12,0xe9372953031eb7064401ef1ac2ae80b631f9f67b2b3fbc4f30439f9b1a751369,9014,9012,0xc3e8…ba86,0xbd9a…5b78,1
success,38433,12,0x297ccb3a24d7f3b849e0825cf5366e0dd0b88809518e0ac247ed56dc7dd196ae,9014,9012,0x6c63…6956,0xb42a…0ec8,1
success,38433,12,0x808b69960281b1e3bc05ef9102b6a754c68afb1a9d85bf0d60c701949cbf6492,9014,9012,0x20ea…a309,0xdd04…68f2,1
success,38433,12,0x837f96d8d2847014e4fc47650c525171de512f4c522da09ab6cf22038f8468ad,9014,9012,0x3f43…f1b8,0x8491…e161,1
success,38433,12,0xdbdf503915e1c88084df85846a68646a12098bd133dd41c5313b5d9acc9d5de3,9014,9012,0x8e6c…f4a6,0xf780…d4cc,1
success,38433,12,0xf6464394a27decefcd9158e63a0cc0c0bc4a4fe483a7293f31341defc3ff25f7,9014,9012,0x1999…9702,0x2687…f2d4,1
success,38433,12,0x4cfbc3bc76394ccf5d0cc02da5206c75fb86ede0c084642f5143c6029b9cfacc,9014,9012,0x809f…ed77,0x3db8…e35f,1
success,38433,12,0x1b87d92142a5c451a8a19ca9202153f938d70fb32e4c165f65aa11e9ad11e598,9014,9012,0x9913…93e2,0xa87b…1abc,1
success,38433,12,0x2e9a43457cdd82a483e50d28a00a79c28e7502f15516ef7b5779370d904a029f,9014,9012,0x72c9…d89b,0x1152…734b,1
success,38433,12,0x275e4c8b5b60a77d33a72f8112b2c9d67306a679b6523d2708e07c64055bb7a4,9014,9012,0x98e9…c732,0x50b3…0081,1
success,38433,13,0x37f511d696a876e5eba645a404654c75d0e82b5f17292aba46679496a7fb5a52,9014,9012,0xc3e8…ba86,0xbd9a…5b78,1
success,38433,13,0x38280db20284dcd7cdea47a7bdbb8dafc421449469174286ee3525e622faa542,9014,9012,0x6c63…6956,0xb42a…0ec8,1
success,38433,13,0x2a73afb8eb500f06d9829baf9e35c27149762e0073c7be7e930330475bd15880,9014,9012,0x20ea…a309,0xdd04…68f2,1
success,38433,13,0x78a98209363e878b6d5df8435429a2777f8bdf8b41eb28dca7863ecb957204d1,9014,9012,0x3f43…f1b8,0x8491…e161,1
success,38433,13,0x6da954ad0442763f28d3c02d37388114c52e39f388d2f1c5119574248096002a,9014,9012,0x8e6c…f4a6,0xf780…d4cc,1
success,38433,13,0x4f99154abc476c64f76f84cbbc087bb23324e10fc255d97d56ee90ba66a9a5ef,9014,9012,0x1999…9702,0x2687…f2d4,1
success,38433,13,0x6830e6e42b3f40ff621311bab596a113f18861e9adfd4b4729070fbeb1a7ca6e,9014,9012,0x809f…ed77,0x3db8…e35f,1
success,38433,13,0x9edf1abc5b9245eb8089464f9066614e5d6b2858b04dacc71f9a726230baeeb6,9014,9012,0x9913…93e2,0xa87b…1abc,1
success,38433,13,0x2771d240128148b39cf2d851ad49faa49517a5ddc92a2ae835dada51ee96a503,9014,9012,0x72c9…d89b,0x1152…734b,1
success,38433,13,0xc6e65e6fa0cb18fedbe8122eee5fd9fd254695a793e1b8dcf03984020853ea47,9014,9012,0x98e9…c732,0x50b3…0081,1
success,38433,14,0xbdab1ab66e0b937f6539f35f6efabd09b7e54bed6811cfd3b88317b5d9448e8e,9014,9012,0xc3e8…ba86,0xbd9a…5b78,1
success,38433,14,0xba0b59450806b5eddb51c584e39642c16b05274e72b602a7b911e5c6aa501f98,9014,9012,0x6c63…6956,0xb42a…0ec8,1
success,38433,14,0x7a67a8febf1d21d5e0bf4716de8ee6ae43b6ebd8d91d9f3938e418910c2268d8,9014,9012,0x20ea…a309,0xdd04…68f2,1
success,38433,14,0xfd4d61c96c6466430922419cb04571ec32796e7d5e957f5e9f2a33008fc72352,9014,9012,0x3f43…f1b8,0x8491…e161,1
success,38433,14,0xa3d4f41efbd0a833dfeb723e9a6c4047e43ac093ab8e02895d63a18b5076472a,9014,9012,0x8e6c…f4a6,0xf780…d4cc,1
success,38433,14,0x619e5e912153966de33a1087978caa6f2cdcc7e56f96dbe76d30b1eb5bcebc22,9014,9012,0x1999…9702,0x2687…f2d4,1
success,38433,14,0x65851707c2fffb9b055d66e0e425f58cb50f551a1ae9d503a678d9491bc21ab5,9014,9012,0x809f…ed77,0x3db8…e35f,1
success,38433,14,0xef2480a16d847c64efb57d9119e642468e484640173d64aad9a8458def4e9309,9014,9012,0x9913…93e2,0xa87b…1abc,1
success,38433,14,0xb26870ad158091cb50e4560a25481fe9603948e66aad61a0c8bf8af9f5d9265d,9014,9012,0x72c9…d89b,0x1152…734b,1
success,38433,14,0x893a57b89a063e9493e3c835ff577b90b0fd5e46f7f3994e83566ca744af7919,9014,9012,0x98e9…c732,0x50b3…0081,1
success,38433,15,0xc8fe9e8802b7f3087befc9f5fb13ed6c1d2848b8418c5650b32743d2209ab7c5,9014,9012,0xc3e8…ba86,0xbd9a…5b78,1
success,38433,15,0xde2c7c5f4f581e1afdffe8124c0b5406f07ddd244cdeb30aea9be26cd5980421,9014,9012,0x6c63…6956,0xb42a…0ec8,1
success,38433,15,0x3f74a03fe5db2011263d09d265888c15e1fc62349df0f107acba681227f0ff5d,9014,9012,0x20ea…a309,0xdd04…68f2,1
success,38433,15,0x551a5823dc42d8774451f943a2ded6646eb202b28810404447fc748506fc58c5,9014,9012,0x3f43…f1b8,0x8491…e161,1
success,38433,15,0x32d7a8f4e0076e05eb6d3f3601790f1267f405beaeb6e8308a66f386f7e77d90,9014,9012,0x8e6c…f4a6,0xf780…d4cc,1
success,38433,15,0x7a53c21d515bc1a18999c0bb82a2d983f907608ae80fecf48cbe4c114221daea,9014,9012,0x1999…9702,0x2687…f2d4,1
success,38433,15,0x179555a9cb15b5dfe2706689ca126b670bcf85e996aa6e5a62b8a404edfdb10b,9014,9012,0x809f…ed77,0x3db8…e35f,1
success,38433,15,0x05e1881ef44b56af6562a6bb90ef3e6d27214e2956f10148b3f296fa6a32032d,9014,9012,0x9913…93e2,0xa87b…1abc,1
success,38433,15,0x7cb87e831ced1e6f729c65e2c69f00146d30ce27708c7ce4d4eb75cced4e4e92,9014,9012,0x72c9…d89b,0x1152…734b,1
success,38433,15,0x41ed875304c77ef579f59764605f6c54460dc38b8cf181c0380244c855b15f21,9014,9012,0x98e9…c732,0x50b3…0081,1
success,38433,16,0x2e711989075d443b00bf890e6daf1f1fbb9e05d1f2ca7243db483cd49835559c,9014,9012,0xc3e8…ba86,0xbd9a…5b78,1
success,38433,16,0x236817fa8f9925abb42b663c52fbdeebcf311a7172dff82f134624325cc56fe4,9014,9012,0x6c63…6956,0xb42a…0ec8,1
success,38433,16,0x93b7edcd3fb8994bab4aa11248b38c025653fbbc87e2fbe42f9d8535dea34787,9014,9012,0x20ea…a309,0xdd04…68f2,1
success,38433,16,0xb40b5933eea5eb80c4baa69356d30e4d4977e2366c48aeae57b1464b4e93ecc7,9014,9012,0x3f43…f1b8,0x8491…e161,1
success,38433,16,0xd4acbd486940b2eaa3bbcb1d72e60ec03bb1a56059be6240e20f8bc8fcc76067,9014,9012,0x8e6c…f4a6,0xf780…d4cc,1
success,38433,16,0x06f4c31d366f58c69fd89cd2c814b1a2c798f4f0a28a132f24a31d10fd0c7d90,9014,9012,0x1999…9702,0x2687…f2d4,1
success,38433,16,0xa3c61e17ea8b895c98c6007ba897a5d57a555171e06e3dca921cf7d2614e05f3,9014,9012,0x809f…ed77,0x3db8…e35f,1
success,38433,16,0x12a49f9e103cce4e9a2500e12859abfe2fe7288d86be4478ef076f0478f21dba,9014,9012,0x9913…93e2,0xa87b…1abc,1
success,38433,16,0xe7e55a1228118c89b21dc11695444c010d2151ce596a8c9775ff0c74a5aac7e4,9014,9012,0x72c9…d89b,0x1152…734b,1
success,38433,16,0x2111c6f5eeef1a7afb924cdbd5b3a2dee8397595ee4cfca29a78410f835efc52,9014,9012,0x98e9…c732,0x50b3…0081,1
success,38433,17,0x07d4ec1a52ea0792f61775c0088ca706c9165f99d4448ea077aa15650e415f61,9014,9012,0xc3e8…ba86,0xbd9a…5b78,1
success,38433,17,0x8ff29b80494fcbec214e2459590aa09917aaa0e7c17b74290684da112bca91ca,9014,9012,0x6c63…6956,0xb42a…0ec8,1
success,38433,17,0xa8eea796a46a64b01acd2bf078f9fde1ca98cc5c474b39fff84f671f8b0cb242,9014,9012,0x20ea…a309,0xdd04…68f2,1
success,38433,17,0xcff61f5c73055598e5dd04d33122d7f17e2fe1aceb62ccc69707ea9a1e56c206,9014,9012,0x3f43…f1b8,0x8491…e161,1
success,38433,17,0xf3dffe61848080355b7eb0fcdf554cedb3b336bfa18c4c9e79ffd732ce2555d8,9014,9012,0x8e6c…f4a6,0xf780…d4cc,1
success,38433,17,0x13f7585092d67bdcb73c36266d780309f6d4bd461f3179cfac3179c493911a18,9014,9012,0x1999…9702,0x2687…f2d4,1
success,38433,17,0xa7a025778b75fbe0ad317458b0c046612dccad0d7f8b6c478b8372a0e0f3e62b,9014,9012,0x809f…ed77,0x3db8…e35f,1
success,38433,17,0xb7cc9ce50a54693c2774c03bf77b7cfa29fce5d806879b10c8f76bbc79390f97,9014,9012,0x9913…93e2,0xa87b…1abc,1
success,38433,17,0x94a0826dbd457c4d4b674511f47664ce8128791d3c4e3f68dd39ac9fca86c2fa,9014,9012,0x72c9…d89b,0x1152…734b,1
success,38433,17,0x95b0474097fc7388fc4a6079b7decf1d15b6ba2b6a6e77dc58b614eadf878313,9014,9012,0x98e9…c732,0x50b3…0081,1
success,38433,18,0xa9ca275e3da3dbb2f8d00ea19a32eacefa147a4f435724e6d4317f8f0a630861,9014,9012,0xc3e8…ba86,0xbd9a…5b78,1
success,38433,18,0x2f11128817531c9585fc6c22752dd890563be6d419c2b79a6ee38c82299bdc7c,9014,9012,0x6c63…6956,0xb42a…0ec8,1
success,38433,18,0xfad469480787a364dcf44be20dc20969380d5cebeaa3bcb604a962b05167226f,9014,9012,0x20ea…a309,0xdd04…68f2,1
success,38433,18,0x982bbe002a03bb2cf2f6f750f7e376250998a782f6a20827bdf324eba03ece53,9014,9012,0x3f43…f1b8,0x8491…e161,1
success,38433,18,0x3142dbc33e6ce1f64e5a2111962b6f037fb2e1e4b9bdbeabbcb3a91355493fef,9014,9012,0x8e6c…f4a6,0xf780…d4cc,1
success,38433,18,0x9cd04cf78f857d74de8c0c6bfa2e1d504d8ff5514f0dcc59ddd049054782067d,9014,9012,0x1999…9702,0x2687…f2d4,1
success,38433,18,0xc5bcff7c9115e2be09f496c4c8e7d9a5ddb4f0816053fc44cc5c97bdbecdd0c7,9014,9012,0x809f…ed77,0x3db8…e35f,1
success,38433,18,0xf03461bd4acf04d6875f2092b724b185f78d671ce7e84d7fcada481136e3d6fe,9014,9012,0x9913…93e2,0xa87b…1abc,1
success,38433,18,0x35fc8f2879be7f909596a0f42c21efd8b424f33c7f7b079bb4865c824fdd901f,9014,9012,0x72c9…d89b,0x1152…734b,1
success,38433,18,0x98c1029e296a6e8c2cc8115f3c7bd8f448fbd4aebfe2c9679039bdda46426084,9014,9012,0x98e9…c732,0x50b3…0081,1
success,38433,19,0xb8a391247bf00d16bc7ffa96e55fcb94c40ff691e3e6b90d22842b8314b81a88,9014,9012,0xc3e8…ba86,0xbd9a…5b78,1
success,38433,19,0x1c1868c13cf2447986c359b5c106a081c428616854dd6a4c232f3bb11437b1ab,9014,9012,0x6c63…6956,0xb42a…0ec8,1
success,38433,19,0x05bed4af7c61344cf5f4e6b0bf6afffc6f76fbadc02d25aa3ea184cd45bc8709,9014,9012,0x20ea…a309,0xdd04…68f2,1
success,38433,19,0x693dbf342095121a941b68ef41d5feea83f8e76ee77eb9070ce4a02b70c59b91,9014,9012,0x3f43…f1b8,0x8491…e161,1
success,38433,19,0x2951149652f99c50b3684a1b05fb5a74437e81554c0813876bb46f9f40f6b2e3,9014,9012,0x8e6c…f4a6,0xf780…d4cc,1
success,38433,19,0x8b4ead5d6990a468f60fa000d088e6c33be373c973f62a037f41587770dfa036,9014,9012,0x1999…9702,0x2687…f2d4,1
success,38433,19,0x44f021eca05094873a86e0ead9a67a3c342503b18fc67d6b98f0ea6d2eb0305a,9014,9012,0x809f…ed77,0x3db8…e35f,1
success,38433,19,0x5f3f182a08ff28e06a0edd2875581e1668f4c2eb9e0ce0e1150a7767ec90da63,9014,9012,0x9913…93e2,0xa87b…1abc,1
success,38433,19,0x369183cc2382c201d7741434fb7e4c3dcbe27f39c8a64e4fcc8dfbf86bf34997,9014,9012,0x72c9…d89b,0x1152…734b,1
success,38433,19,0xb7d2178984a02ad73de80d3e4cb8b5ed879432fcf2d17c187b670d3789de54ca,9014,9012,0x98e9…c732,0x50b3…0081,1
success,38433,20,0x3cf533e47fc523acef356fe3740df9aef3595ff48ce0270c02640d80eb5c5ea2,9014,9012,0xc3e8…ba86,0xbd9a…5b78,1
success,38433,20,0x8841f7db37dd3cf3691ff1d8810f8113a97dbe19e130d60435e6c0635ebdc564,9014,9012,0x6c63…6956,0xb42a…0ec8,1
success,38433,20,0xe4f5a275059e0c0e48d74c4db21f541ea7172ce3edecba699712c9b6512f9f9b,9014,9012,0x20ea…a309,0xdd04…68f2,1
success,38433,20,0x51e54e5894481441d155846890857a399d373b8d9feaf42e6b8ce3d6aabbe37f,9014,9012,0x3f43…f1b8,0x8491…e161,1
success,38433,20,0xe5ba30ceb03ae83a0b288770580415733376a53c1555edcb0a48ce158b87e6bf,9014,9012,0x8e6c…f4a6,0xf780…d4cc,1
success,38433,20,0xe9b76b666fe00618de16ca39bac92a0b644e953c26245b7422dded33bd64aeb4,9014,9012,0x1999…9702,0x2687…f2d4,1
success,38433,20,0x304da5d531b2ea35659c45329991755f0b19d4eeea4a20c2a5c5f90fdb3e92ed,9014,9012,0x809f…ed77,0x3db8…e35f,1
success,38433,20,0x6ce34832fa4e40086e8a0ce3973a63c11212f818656644461e0c94da71961157,9014,9012,0x9913…93e2,0xa87b…1abc,1
success,38433,20,0x2ad840e7b20002f9cdb5268216bec09831a441b77948c06e7fa09ba875e91c79,9014,9012,0x72c9…d89b,0x1152…734b,1
success,38433,20,0x4ea89af8cf4473fda2d7871afabd8f6b603b97e74b48e88f1cea6a476f7e8e2f,9014,9012,0x98e9…c732,0x50b3…0081,1
pending,0,1,0x5ea7b7e3f163ea96c9d8be6395eeeddc4d8b679923104f9b1752202122c02679,9014,9012,0xc3e8690a1411a1a1a96dce6d95b2e63dedc8ba86,0xbd9a4852e1e86f9e21ab3f4028e75b18d7dd5b78,1
pending,0,1,0x75060807ea0bf37b7de2e31a7112f948064fa6f21c85ef8be359cf1937bc2a09,9014,9012,0x6c639993a8ccdd6107cebc8aad903ad4a67c6956,0xb42a7657de98bc4d4ab9441cc94c5eb3fbd40ec8,1
