success,80476,12,0x19b3bc2985a78637e6992485e12590256428855233e35e823684199408562c89,1,9015,9016,011ced277ef92b3f17468c390a16d656c3393bd9,d9e39e12a094aa8c1e0b8aa9b0b3e36aefc3ebca,1,1742561388
success,80476,13,0x1036e16a2cf69de36c9fb2cc16aebe8b9d0ae0575bb4bf7523d67f12a248dbeb,1,9015,9016,011ced277ef92b3f17468c390a16d656c3393bd9,d9e39e12a094aa8c1e0b8aa9b0b3e36aefc3ebca,1,1742561389
success,80476,14,0x6efb2205c57f1eb654fe6aa1f58956e63bac9d6d031b2c603690e4d2fcdf5e57,1,9015,9016,011ced277ef92b3f17468c390a16d656c3393bd9,d9e39e12a094aa8c1e0b8aa9b0b3e36aefc3ebca,1,1742561389
success,80476,15,0x0cf41d9f35cfba6107a63cb738ed2bae6967f09ea5967b7e4568506c5751029f,1,9015,9016,011ced277ef92b3f17468c390a16d656c3393bd9,d9e39e12a094aa8c1e0b8aa9b0b3e36aefc3ebca,1,1742561390
success,80476,16,0xd618d031f482ea4020330e73509f31f534220cbab17c3247c44df39fe8e431ee,1,9015,9016,011ced277ef92b3f17468c390a16d656c3393bd9,d9e39e12a094aa8c1e0b8aa9b0b3e36aefc3ebca,1,1742561390
success,80476,17,0xebabb7b7e287ebb2a028f08d717fce67737238d023487a545f2b43887c8d40a3,1,9015,9016,011ced277ef92b3f17468c390a16d656c3393bd9,d9e39e12a094aa8c1e0b8aa9b0b3e36aefc3ebca,1,1742561391
success,80476,18,0x2df67556a126651e999756da75cea9cbeb108b8c74c6eab564e315f16992438a,1,9015,9016,011ced277ef92b3f17468c390a16d656c3393bd9,d9e39e12a094aa8c1e0b8aa9b0b3e36aefc3ebca,1,1742561391
success,80476,19,0x2df9f315889a6171aeebb9a66b3ddab8353ccc60f8f5d6309e93f57dc3bc19fc,1,9015,9016,011ced277ef92b3f17468c390a16d656c3393bd9,d9e39e12a094aa8c1e0b8aa9b0b3e36aefc3ebca,1,1742561392
success,80476,20,0x19c45b9d1a0331de4a95bcf741c663544c3bbde8575ca52bf5d26e6912fd62ad,1,9015,9016,011ced277ef92b3f17468c390a16d656c3393bd9,d9e39e12a094aa8c1e0b8aa9b0b3e36aefc3ebca,1,1742561392
success,80476,21,0xe4ff437a21aa43957f8d6f94d4c5d9e29ffee038bff9331f675408fa3933fba2,1,9015,9016,011ced277ef92b3f17468c390a16d656c3393bd9,d9e39e12a094aa8c1e0b8aa9b0b3e36aefc3ebca,1,1742561393
success,80476,22,0xbe9bb7fec9ceacd2d038980b05a54ab9f112aca4c99dcf8ae67756fac1e0b9e3,1,9015,9016,011ced277ef92b3f17468c390a16d656c3393bd9,d9e39e12a094aa8c1e0b8aa9b0b3e36aefc3ebca,1,1742561394
success,80476,23,0xce9d97807fe14b89a9ff595d928fbaad4c5a1ae0b7e5963fa1de22de5de5f567,1,9015,9016,011ced277ef92b3f17468c390a16d656c3393bd9,d9e39e12a094aa8c1e0b8aa9b0b3e36aefc3ebca,1,1742561394
success,80476,24,0x063e9ab2881a0f413c7edd81738a649a2afcb5d0958b860f233b999dd5bb5ac2,1,9015,9016,011ced277ef92b3f17468c390a16d656c3393bd9,d9e39e12a094aa8c1e0b8aa9b0b3e36aefc3ebca,1,1742561395
success,80476,25,0xdd89f8f31425d47a50962420c13a85f2ca4f241fb04a251f14b0bb683da022b3,1,9015,9016,011ced277ef92b3f17468c390a16d656c3393bd9,d9e39e12a094aa8c1e0b8aa9b0b3e36aefc3ebca,1,1742561396
success,80476,26,0x5d94a58d6323b54d36e2bb98425b1599553bc80a9660c396886df28df13791be,1,9015,9016,011ced277ef92b3f17468c390a16d656c3393bd9,d9e39e12a094aa8c1e0b8aa9b0b3e36aefc3ebca,1,1742561396
success,80476,27,0xc3e204dff0a474e1e59facc39618931fd4fd43c3cf2ab8e3f88397fe7460e743,1,9015,9016,011ced277ef92b3f17468c390a16d656c3393bd9,d9e39e12a094aa8c1e0b8aa9b0b3e36aefc3ebca,1,1742561397
success,80476,28,0xec257ee724f1eaa9ad1837ebe4e00d0a3f10ce9484b91b327fbd085c71b2a0b9,1,9015,9016,011ced277ef92b3f17468c390a16d656c3393bd9,d9e39e12a094aa8c1e0b8aa9b0b3e36aefc3ebca,1,1742561397
success,80476,29,0x97cc5925f6adf94988c8324de6dbecdc2c36780a299d7c238d7155f1cfe986ff,1,9015,9016,011ced277ef92b3f17468c390a16d656c3393bd9,d9e39e12a094aa8c1e0b8aa9b0b3e36aefc3ebca,1,1742561398
success,80476,30,0x866b6a0146bcf0d44d1682620135d2d0647c72aee87f7e6c72637f6b2e08e0c7,1,9015,9016,011ced277ef92b3f17468c390a16d656c3393bd9,d9e39e12a094aa8c1e0b8aa9b0b3e36aefc3ebca,1,1742561398
success,80476,31,0xa09926e8a716a05747295359a61ce6ff2b6a3f6a009029da14efb31854e21f0a,1,9015,9016,011ced277ef92b3f17468c390a16d656c3393bd9,d9e39e12a094aa8c1e0b8aa9b0b3e36aefc3ebca,1,1742561399
success,80476,32,0xc528cedbc5cbc88a592b5dcd8f9dd70ab6a68da174655e5d7cf35691522c55dd,1,9015,9016,011ced277ef92b3f17468c390a16d656c3393bd9,d9e39e12a094aa8c1e0b8aa9b0b3e36aefc3ebca,1,1742561399
success,80476,33,0x0a7b16cf324c92413d2b1a03adb653cd1d326ae3ef9f19a8fec1ef0a20f536d7,1,9015,9016,011ced277ef92b3f17468c390a16d656c3393bd9,d9e39e12a094aa8c1e0b8aa9b0b3e36aefc3ebca,1,1742561400
success,80476,34,0xb5693e17fbd03f040be1abb1247d20f01bb9bcbc0e7f5d1837972ec6a339a0c3,1,9015,9016,011ced277ef92b3f17468c390a16d656c3393bd9,d9e39e12a094aa8c1e0b8aa9b0b3e36aefc3ebca,1,1742561400
success,80476,35,0xb31c55655dec665a078e4a4c2936ef52979d96d88bf0a1b96e54eb7eb0489e71,1,9015,9016,011ced277ef92b3f17468c390a16d656c3393bd9,d9e39e12a094aa8c1e0b8aa9b0b3e36aefc3ebca,1,1742561401
success,80476,36,0x4e59789144d8c987070c0a1d10b5398081f2dc6703b9a5f3aa4a32df38ae77fb,1,9015,9016,011ced277ef92b3f17468c390a16d656c3393bd9,d9e39e12a094aa8c1e0b8aa9b0b3e36aefc3ebca,1,1742561402
success,80476,37,0x213b24b35f53b7c62cb319c965e0084dc4bca46468c8cafe40b4b370ae91a5da,1,9015,9016,011ced277ef92b3f17468c390a16d656c3393bd9,d9e39e12a094aa8c1e0b8aa9b0b3e36aefc3ebca,1,1742561402
success,80476,38,0xb95efa9d03277072791104338366ffbfc6231a73f03dbd7137ced07d9e292ca2,1,9015,9016,011ced277ef92b3f17468c390a16d656c3393bd9,d9e39e12a094aa8c1e0b8aa9b0b3e36aefc3ebca,1,1742561403
success,80476,39,0x2884ee992015ba02308da776043f77d00e4da9a22998852133ed453f17b199c7,1,9015,9016,011ced277ef92b3f17468c390a16d656c3393bd9,d9e39e12a094aa8c1e0b8aa9b0b3e36aefc3ebca,1,1742561403
success,80476,40,0xa2ab5916721bc285708a9247a3f82a7692839f61cd0e6d6a929994732e371307,1,9015,9016,011ced277ef92b3f17468c390a16d656c3393bd9,d9e39e12a094aa8c1e0b8aa9b0b3e36aefc3ebca,1,1742561404
success,80476,41,0xb1d307ee99f9e0f949a0bb2981dcbfc81b4fa9169e1d0fd424b00e79f33668d7,1,9015,9016,011ced277ef92b3f17468c390a16d656c3393bd9,d9e39e12a094aa8c1e0b8aa9b0b3e36aefc3ebca,1,1742561405
success,80476,42,0xaca81548358f08ae9bc331c79d49dde17ff9a47dbb4c739d65a8cb78775473e1,1,9015,9016,011ced277ef92b3f17468c390a16d656c3393bd9,d9e39e12a094aa8c1e0b8aa9b0b3e36aefc3ebca,1,1742561405
success,80476,43,0x5fa3ad6c5ed81b736bae21f2c95232e3bdf3601aac7b2560f545ceca959a0658,1,9015,9016,011ced277ef92b3f17468c390a16d656c3393bd9,d9e39e12a094aa8c1e0b8aa9b0b3e36aefc3ebca,1,1742561406
success,80476,44,0x1e2fd427a8d8d795d84d45caf0e2983d8dedfb846ed49eb23493ebf059f2f850,1,9015,9016,011ced277ef92b3f17468c390a16d656c3393bd9,d9e39e12a094aa8c1e0b8aa9b0b3e36aefc3ebca,1,1742561406
success,80476,45,0xb9cd50d9705532950de2781d303dd09413473cf1a7ba11feac2f04b35e40558a,1,9015,9016,011ced277ef92b3f17468c390a16d656c3393bd9,d9e39e12a094aa8c1e0b8aa9b0b3e36aefc3ebca,1,1742561407
success,80476,46,0x0d26c84b20a87930ae26a2f64c1666f6fac4e6c69fdc7eb3249e01dffd23fd33,1,9015,9016,011ced277ef92b3f17468c390a16d656c3393bd9,d9e39e12a094aa8c1e0b8aa9b0b3e36aefc3ebca,1,1742561408
success,80476,47,0x532b282d07fe6dcb7c5a330a0d25349344ed5e9e20c5903c79de92fa99248c97,1,9015,9016,011ced277ef92b3f17468c390a16d656c3393bd9,d9e39e12a094aa8c1e0b8aa9b0b3e36aefc3ebca,1,1742561408
success,80476,48,0x8302f4362c9ac28188788cf0e5d275cd7858843d3aef42901949aefeffec931b,1,9015,9016,011ced277ef92b3f17468c390a16d656c3393bd9,d9e39e12a094aa8c1e0b8aa9b0b3e36aefc3ebca,1,1742561409
success,80476,49,0xd8cc17988682662be02418ccbc79e8d3f9e91f641857fa1968f70deb17963862,1,9015,9016,011ced277ef92b3f17468c390a16d656c3393bd9,d9e39e12a094aa8c1e0b8aa9b0b3e36aefc3ebca,1,1742561410
success,80476,50,0x829a8356036336d6c4665cd7d2c238faf65fd8a962626505fb4355e9a5d20768,1,9015,9016,011ced277ef92b3f17468c390a16d656c3393bd9,d9e39e12a094aa8c1e0b8aa9b0b3e36aefc3ebca,1,1742561410
success,80476,51,0xe5ca490259d848ee078c1230bf1f3eda3082f6e6858702bbe6d3bd9c44de43ba,1,9015,9016,011ced277ef92b3f17468c390a16d656c3393bd9,d9e39e12a094aa8c1e0b8aa9b0b3e36aefc3ebca,1,1742561411
success,80476,52,0x4a9d98f09ee1ab3f3f8f8c672b255a9d7fd9c079ea4e5f896af51f6df9827a8b,1,9015,9016,011ced277ef92b3f17468c390a16d656c3393bd9,d9e39e12a094aa8c1e0b8aa9b0b3e36aefc3ebca,1,1742561411
success,80476,53,0xb34ae9015e8246ecf076d5597c1e2a639bc55bd012d11b32764dd7ef51656c15,1,9015,9016,011ced277ef92b3f17468c390a16d656c3393bd9,d9e39e12a094aa8c1e0b8aa9b0b3e36aefc3ebca,1,1742561412
success,80476,54,0xbb94ba68f2df465c66f8b0cc02533bd1ba681f54fc344ca8fbda2b53a994d0cd,1,9015,9016,011ced277ef92b3f17468c390a16d656c3393bd9,d9e39e12a094aa8c1e0b8aa9b0b3e36aefc3ebca,1,1742561412
success,80476,55,0x0b725d3c45823e18dbd537d3d7b27fae7e8b28da66c3b6cd1632878b6286c3f6,1,9015,9016,011ced277ef92b3f17468c390a16d656c3393bd9,d9e39e12a094aa8c1e0b8aa9b0b3e36aefc3ebca,1,1742561413
success,80476,56,0x72815f03cd5d76368e4ca1aeab636ab327a984830e48bed01a8f5fd09e40681f,1,9015,9016,011ced277ef92b3f17468c390a16d656c3393bd9,d9e39e12a094aa8c1e0b8aa9b0b3e36aefc3ebca,1,1742561413
success,80476,57,0xc36d5e92d7d1aa9ae34d3800a434ac8507562687c9820e66f4ea425fdc2acdde,1,9015,9016,011ced277ef92b3f17468c390a16d656c3393bd9,d9e39e12a094aa8c1e0b8aa9b0b3e36aefc3ebca,1,1742561414
success,80476,58,0x3f79544410873172aaa97c08bd1bccad5d23433883d1c5678d138f1b34879842,1,9015,9016,011ced277ef92b3f17468c390a16d656c3393bd9,d9e39e12a094aa8c1e0b8aa9b0b3e36aefc3ebca,1,1742561415
success,80476,59,0xfc8c4d667a56b8922d016918a58014c34de290c35892f78a0d6b0879fdb7c3db,1,9015,9016,011ced277ef92b3f17468c390a16d656c3393bd9,d9e39e12a094aa8c1e0b8aa9b0b3e36aefc3ebca,1,1742561415
success,80476,60,0x671c690f64ee796a02209cfe6c18eb298fdd242a8315de6a9bcc1de93e21228c,1,9015,9016,011ced277ef92b3f17468c390a16d656c3393bd9,d9e39e12a094aa8c1e0b8aa9b0b3e36aefc3ebca,1,1742561416
success,80476,61,0xfab68e26f71f65e9a0bd6cca34668455eacf650cd99681bc6b5c259b88c1128d,1,9015,9016,011ced277ef92b3f17468c390a16d656c3393bd9,d9e39e12a094aa8c1e0b8aa9b0b3e36aefc3ebca,1,1742561416
success,80476,62,0x8b19cf94c25a9fa38cdd25e04211b9737a36335f87c7c23d4a94a1419b9a86f2,1,9015,9016,011ced277ef92b3f17468c390a16d656c3393bd9,d9e39e12a094aa8c1e0b8aa9b0b3e36aefc3ebca,1,1742561417
success,80476,63,0x67c92205583d3d5ecc661f0468f9e6ac5e3d1b5a9c97c3cd1a5c9f54fb595b70,1,9015,9016,011ced277ef92b3f17468c390a16d656c3393bd9,d9e39e12a094aa8c1e0b8aa9b0b3e36aefc3ebca,1,1742561417
success,80476,64,0x7c174e258b9c6f6dd06b0bd299e1ade32d893fe3e21c5e08f2991c1933d9e5fc,1,9015,9016,011ced277ef92b3f17468c390a16d656c3393bd9,d9e39e12a094aa8c1e0b8aa9b0b3e36aefc3ebca,1,1742561418
success,80476,65,0xa2cfd8fb5b966fa2b2f565f58af263dd85f0cac44d671c9fdfc394a290c886ee,1,9015,9016,011ced277ef92b3f17468c390a16d656c3393bd9,d9e39e12a094aa8c1e0b8aa9b0b3e36aefc3ebca,1,1742561419
success,80476,66,0x0f6c57fa89b47c29672caa3266c44a938237a6e0d2bfbb3298a9717efc0eb8a0,1,9015,9016,011ced277ef92b3f17468c390a16d656c3393bd9,d9e39e12a094aa8c1e0b8aa9b0b3e36aefc3ebca,1,1742561419
success,80476,67,0x19e16cd8b063eb8b5c853666ffed38be30d284570914819e63dc10e71ced44e3,1,9015,9016,011ced277ef92b3f17468c390a16d656c3393bd9,d9e39e12a094aa8c1e0b8aa9b0b3e36aefc3ebca,1,1742561420
success,80476,68,0xc023cf950ab8e154d2f040fd67c9e503be11c847aa202f883daeae766a7597f0,1,9015,9016,011ced277ef92b3f17468c390a16d656c3393bd9,d9e39e12a094aa8c1e0b8aa9b0b3e36aefc3ebca,1,1742561420
success,80476,69,0x8305a38e4536420eedb622bd6b74b785934c59b90eb0d937a3c059d75dc6f7a8,1,9015,9016,011ced277ef92b3f17468c390a16d656c3393bd9,d9e39e12a094aa8c1e0b8aa9b0b3e36aefc3ebca,1,1742561421
success,80476,70,0x109f7f7d4e1570f0a425f1d95031a909f08626924a5084c4317a2a1faa507ab3,1,9015,9016,011ced277ef92b3f17468c390a16d656c3393bd9,d9e39e12a094aa8c1e0b8aa9b0b3e36aefc3ebca,1,1742561422
success,80476,71,0x6ad493025f81853ac7c23e78819b1995385b26dd02607972e61761438c541e70,1,9015,9016,011ced277ef92b3f17468c390a16d656c3393bd9,d9e39e12a094aa8c1e0b8aa9b0b3e36aefc3ebca,1,1742561422
success,80476,72,0x40348ae3907fdd118b1ca3d29bd2516aa72ac921b940af8531365ccf0e8ed772,1,9015,9016,011ced277ef92b3f17468c390a16d656c3393bd9,d9e39e12a094aa8c1e0b8aa9b0b3e36aefc3ebca,1,1742561423
success,80476,73,0x30c73e4b6e9811a7d8911376cccb39004e6053b20a77194bbbe848a0a5229628,1,9015,9016,011ced277ef92b3f17468c390a16d656c3393bd9,d9e39e12a094aa8c1e0b8aa9b0b3e36aefc3ebca,1,1742561424
success,80476,74,0xedbc69b712f64cbff401188fcd0f2cd0f4eadb321c0e993acb2eb6491efba5bd,1,9015,9016,011ced277ef92b3f17468c390a16d656c3393bd9,d9e39e12a094aa8c1e0b8aa9b0b3e36aefc3ebca,1,1742561424
success,80476,75,0x32fae802853121c9909e828fbec4699d621d3ce615b659ffa0e63b55221ed3f3,1,9015,9016,011ced277ef92b3f17468c390a16d656c3393bd9,d9e39e12a094aa8c1e0b8aa9b0b3e36aefc3ebca,1,1742561425
success,80476,76,0x46465ec996e70f2d50cf1cb421b3d1ba37b05ffeac16dd636896ca726e1ec083,1,9015,9016,011ced277ef92b3f17468c390a16d656c3393bd9,d9e39e12a094aa8c1e0b8aa9b0b3e36aefc3ebca,1,1742561425
success,80476,77,0x839c0f9ad200dc6b34149baf25cf29a714128f41311ce584c5766c43363c610c,1,9015,9016,011ced277ef92b3f17468c390a16d656c3393bd9,d9e39e12a094aa8c1e0b8aa9b0b3e36aefc3ebca,1,1742561426
success,80476,78,0x51c91a095765e5a393ba7b147e65d2e13928b75bfa1c78e496e82430869ef68b,1,9015,9016,011ced277ef92b3f17468c390a16d656c3393bd9,d9e39e12a094aa8c1e0b8aa9b0b3e36aefc3ebca,1,1742561426
success,80476,79,0xe3410e5e7b7f011cf771d6d5af9484a801fbe28834d3f47e63328d6dc17b9ff8,1,9015,9016,011ced277ef92b3f17468c390a16d656c3393bd9,d9e39e12a094aa8c1e0b8aa9b0b3e36aefc3ebca,1,1742561427
success,80476,80,0x649ab6f338414a5a20ea44149cd5684c814891cb51785587357805cb3c9bcaab,1,9015,9016,011ced277ef92b3f17468c390a16d656c3393bd9,d9e39e12a094aa8c1e0b8aa9b0b3e36aefc3ebca,1,1742561428
success,80476,81,0x6b3f0ce78408400b506e87fe4ad3a7107377d5b95e2c0ce3449cac6ae0a49d79,1,9015,9016,011ced277ef92b3f17468c390a16d656c3393bd9,d9e39e12a094aa8c1e0b8aa9b0b3e36aefc3ebca,1,1742561428
success,80476,82,0xcf46a1b95965db9417d254a100980b0a62422480ce0b6c636a515f0752a827d1,1,9015,9016,011ced277ef92b3f17468c390a16d656c3393bd9,d9e39e12a094aa8c1e0b8aa9b0b3e36aefc3ebca,1,1742561429
success,80476,83,0x11176a097255b04db4742fc085693c451ef6e6825948b4252e114307c1d63bed,1,9015,9016,011ced277ef92b3f17468c390a16d656c3393bd9,d9e39e12a094aa8c1e0b8aa9b0b3e36aefc3ebca,1,1742561429
success,80476,84,0x50ad2ab321b8c70268f5f268c1e43c7aa1aa6f697937d88253219e8b00a739ca,1,9015,9016,011ced277ef92b3f17468c390a16d656c3393bd9,d9e39e12a094aa8c1e0b8aa9b0b3e36aefc3ebca,1,1742561430
success,80476,85,0xfca4f05213cb1eab6feb6cc709eebe6fe0b4df19512b12a0222aa1d669749925,1,9015,9016,011ced277ef92b3f17468c390a16d656c3393bd9,d9e39e12a094aa8c1e0b8aa9b0b3e36aefc3ebca,1,1742561430
success,80476,86,0x432b0bf6f7f0c091b04c00cc9d40e24da77c7f74f1b9ec57af3e65030d0d8b4d,1,9015,9016,011ced277ef92b3f17468c390a16d656c3393bd9,d9e39e12a094aa8c1e0b8aa9b0b3e36aefc3ebca,1,1742561431
success,80476,87,0x8c72e2290b454ddcbfdfe066144b1dc9d65d8a3651978bfd2a79578412027432,1,9015,9016,011ced277ef92b3f17468c390a16d656c3393bd9,d9e39e12a094aa8c1e0b8aa9b0b3e36aefc3ebca,1,1742561432
success,80476,88,0xa30fdddc5504bfaa1475c88ce52d7710cfe5842f5a62dd20f98dff3ed4e918fb,1,9015,9016,011ced277ef92b3f17468c390a16d656c3393bd9,d9e39e12a094aa8c1e0b8aa9b0b3e36aefc3ebca,1,1742561432
success,80476,89,0x49b16a638991550e0a57977ffad946a265c9a899dca05e900fff3972d3351b5a,1,9015,9016,011ced277ef92b3f17468c390a16d656c3393bd9,d9e39e12a094aa8c1e0b8aa9b0b3e36aefc3ebca,1,1742561433
success,80476,90,0xc4cda353867fdc9338132222958de1439534d861dcb4920c867fe730743e4661,1,9015,9016,011ced277ef92b3f17468c390a16d656c3393bd9,d9e39e12a094aa8c1e0b8aa9b0b3e36aefc3ebca,1,1742561433
success,80476,91,0x189d162969002bbf7fc375c5c92761e9c1effdccdbd80fd67307a6b637310fb6,1,9015,9016,011ced277ef92b3f17468c390a16d656c3393bd9,d9e39e12a094aa8c1e0b8aa9b0b3e36aefc3ebca,1,1742561434
success,80476,92,0x828ccb14ad7ba9f62d5ad33997a9b155cd527980ac9b22a3ebb4021f0712afe2,1,9015,9016,011ced277ef92b3f17468c390a16d656c3393bd9,d9e39e12a094aa8c1e0b8aa9b0b3e36aefc3ebca,1,1742561434
success,80476,93,0xd4df37e9c6cd8254d06cb2c042fb1f33c2da38a26385ac774cb4de46dbbf22f1,1,9015,9016,011ced277ef92b3f17468c390a16d656c3393bd9,d9e39e12a094aa8c1e0b8aa9b0b3e36aefc3ebca,1,1742561435
success,80476,94,0x40342d25b761d861856dba292d6465cb97f1e514f8dd39cca54292751d5b051f,1,9015,9016,011ced277ef92b3f17468c390a16d656c3393bd9,d9e39e12a094aa8c1e0b8aa9b0b3e36aefc3ebca,1,1742561436
success,80476,95,0x5121c8a9503edcf4e7d03c66b4f7166c0cb53267b1da650d0a6f312688684200,1,9015,9016,011ced277ef92b3f17468c390a16d656c3393bd9,d9e39e12a094aa8c1e0b8aa9b0b3e36aefc3ebca,1,1742561437
success,80476,96,0xf6e4ba0546e68bf8e958912d59aa7ee92d1c30e094e38ad84e56f91b88ff47c6,1,9015,9016,011ced277ef92b3f17468c390a16d656c3393bd9,d9e39e12a094aa8c1e0b8aa9b0b3e36aefc3ebca,1,1742561437
success,80476,97,0x2134e12916e76ed7099da0b585e46c1a508c335c1715cf06d4da1d69706ce3c5,1,9015,9016,011ced277ef92b3f17468c390a16d656c3393bd9,d9e39e12a094aa8c1e0b8aa9b0b3e36aefc3ebca,1,1742561438
success,80476,98,0xaf7dcd08e4cc89eda9d8e94058be88aab442c8f18d824448447d433d7eb6e754,1,9015,9016,011ced277ef92b3f17468c390a16d656c3393bd9,d9e39e12a094aa8c1e0b8aa9b0b3e36aefc3ebca,1,1742561438
success,80476,99,0xcb6129af5245b1602a3fe9b0e9dd1c711301eba2108d23fe268e959c67efcddf,1,9015,9016,011ced277ef92b3f17468c390a16d656c3393bd9,d9e39e12a094aa8c1e0b8aa9b0b3e36aefc3ebca,1,1742561439
success,80476,100,0xc324ba35ad106550051e57119ab2036d56ad91935a4c60647f918acdea4916f2,1,9015,9016,011ced277ef92b3f17468c390a16d656c3393bd9,d9e39e12a094aa8c1e0b8aa9b0b3e36aefc3ebca,1,1742561439
success,80476,101,0xecb958bce76e051b58d5789c0edcb6f741cbad0e699006564d091371a38b7dbc,1,9015,9016,011ced277ef92b3f17468c390a16d656c3393bd9,d9e39e12a094aa8c1e0b8aa9b0b3e36aefc3ebca,1,1742561440
success,80476,102,0x577135e90ce262389c543785b7e29b29e70f5df537cdd6dc03305087a28fc4f9,1,9015,9016,011ced277ef92b3f17468c390a16d656c3393bd9,d9e39e12a094aa8c1e0b8aa9b0b3e36aefc3ebca,1,1742561440
success,80476,103,0xaa7fa98033a76c433030f2aebc60d208f404942612fd9a3b2ecc668714c877db,1,9015,9016,011ced277ef92b3f17468c390a16d656c3393bd9,d9e39e12a094aa8c1e0b8aa9b0b3e36aefc3ebca,1,1742561441
success,80476,104,0x9171c9c9b6d093554390d63ba45404dfa3f9b83b7bed0a4da18ac65c2cd20feb,1,9015,9016,011ced277ef92b3f17468c390a16d656c3393bd9,d9e39e12a094aa8c1e0b8aa9b0b3e36aefc3ebca,1,1742561442
success,80476,105,0xf9afc00730bf6e3374b974e64603a924e88d13e692009621af318d22ab94e101,1,9015,9016,011ced277ef92b3f17468c390a16d656c3393bd9,d9e39e12a094aa8c1e0b8aa9b0b3e36aefc3ebca,1,1742561442
success,80476,106,0xdbc761d2c3207ff4736840afc016daacaf9a1495e6dc6ad6301d5747c421966f,1,9015,9016,011ced277ef92b3f17468c390a16d656c3393bd9,d9e39e12a094aa8c1e0b8aa9b0b3e36aefc3ebca,1,1742561443
success,80476,107,0x44baf659162095ec4504cc26c732c17f53762f9b295ed3bdaf0498d8b47c51f2,1,9015,9016,011ced277ef92b3f17468c390a16d656c3393bd9,d9e39e12a094aa8c1e0b8aa9b0b3e36aefc3ebca,1,1742561443
success,80476,8,0xe5b0880b832aa623cd4a074b7009a72574f9e362fd877ecd7e69b98700522584,1,9015,9016,011ced277ef92b3f17468c390a16d656c3393bd9,d9e39e12a094aa8c1e0b8aa9b0b3e36aefc3ebca,1,1742561445
success,80476,9,0xbd1740f79df4e09bf7ec43fba4b138ebfddd7db8c056b6aab3b107913b3f3acf,1,9015,9016,011ced277ef92b3f17468c390a16d656c3393bd9,d9e39e12a094aa8c1e0b8aa9b0b3e36aefc3ebca,1,1742561445
success,80476,10,0x9f55eb2e4eb0cb000755172e1b4a454b5fdaab2bb727e58889f4ea0fa9ee8583,1,9015,9016,011ced277ef92b3f17468c390a16d656c3393bd9,d9e39e12a094aa8c1e0b8aa9b0b3e36aefc3ebca,1,1742561446
success,80476,11,0x50bc7b21384807096fd0fc84c2475b54a833706de2fd0033053e87b13fcef7b6,1,9015,9016,011ced277ef92b3f17468c390a16d656c3393bd9,d9e39e12a094aa8c1e0b8aa9b0b3e36aefc3ebca,1,1742561447
success,81334,11,0xaef4da2369b368594dc7c171635243afefe868464f010b664c392fa9924ee503,1,9016,9015,90fdd7f5d6b8e9380003a6b331ae33f5b49a4ee0,c4a8fd58784e12ef46b80417566c41b3cddeaec5,1,1742562864
success,81334,12,0xf437453098cb1b2cad1188892aba6c454fd70698897e89958cc4c58733e9e76e,1,9016,9015,90fdd7f5d6b8e9380003a6b331ae33f5b49a4ee0,c4a8fd58784e12ef46b80417566c41b3cddeaec5,1,1742562865
success,81334,13,0xde37a59027bc6222f5a50d6ec6857661b360f6da16daf80fedecf5d565876d33,1,9016,9015,90fdd7f5d6b8e9380003a6b331ae33f5b49a4ee0,c4a8fd58784e12ef46b80417566c41b3cddeaec5,1,1742562866
success,81334,14,0x05e3d86710dbfcad416feee20d8aa23bf8533d9cbb81611d95c6733d160e9487,1,9016,9015,90fdd7f5d6b8e9380003a6b331ae33f5b49a4ee0,c4a8fd58784e12ef46b80417566c41b3cddeaec5,1,1742562866
success,81334,15,0x9311fc240033522df948657fcd8cf4c308685b5603fa22671ca9b898b31c18f8,1,9016,9015,90fdd7f5d6b8e9380003a6b331ae33f5b49a4ee0,c4a8fd58784e12ef46b80417566c41b3cddeaec5,1,1742562867
success,81334,16,0x5e63d16729bc3d311a48eb38f298fe085c90de1e9587c7512fd25c335e9aa9f6,1,9016,9015,90fdd7f5d6b8e9380003a6b331ae33f5b49a4ee0,c4a8fd58784e12ef46b80417566c41b3cddeaec5,1,1742562867
success,81334,17,0x175c30d1eeeb15440c3b9a05a1ebd5de4bc238656d190465544560a9506f71ec,1,9016,9015,90fdd7f5d6b8e9380003a6b331ae33f5b49a4ee0,c4a8fd58784e12ef46b80417566c41b3cddeaec5,1,1742562868
success,81334,18,0xde9be8a6bf1919aac86beb054731c1c4f30df974073039078c2a2c24a8faf264,1,9016,9015,90fdd7f5d6b8e9380003a6b331ae33f5b49a4ee0,c4a8fd58784e12ef46b80417566c41b3cddeaec5,1,1742562868
success,81334,19,0xfdd8f31267f72119bf35a0c292dc7cb2c34e4ac40e99f3a9fb3c3a01efd6af1e,1,9016,9015,90fdd7f5d6b8e9380003a6b331ae33f5b49a4ee0,c4a8fd58784e12ef46b80417566c41b3cddeaec5,1,1742562869
success,81334,20,0xa9c5635a716e3344693a41f1c034903240d812bf8b472a6f3dd8be3d9851ae41,1,9016,9015,90fdd7f5d6b8e9380003a6b331ae33f5b49a4ee0,c4a8fd58784e12ef46b80417566c41b3cddeaec5,1,1742562869
success,81334,21,0x45e82415688b84ccc6c5b43c5ce9f76be1cd130c56cee29de98ceabbe219432c,1,9016,9015,90fdd7f5d6b8e9380003a6b331ae33f5b49a4ee0,c4a8fd58784e12ef46b80417566c41b3cddeaec5,1,1742562870
success,81334,22,0x9cc4f86db1c563563d76552cd8a6218f4b631fd86b7ced50e2f2ff9a9dfd3c57,1,9016,9015,90fdd7f5d6b8e9380003a6b331ae33f5b49a4ee0,c4a8fd58784e12ef46b80417566c41b3cddeaec5,1,1742562870
success,81334,23,0x019d50f5e2a50310f120a47eae2cfceb59c5003214ef6248019994a22a965327,1,9016,9015,90fdd7f5d6b8e9380003a6b331ae33f5b49a4ee0,c4a8fd58784e12ef46b80417566c41b3cddeaec5,1,1742562871
success,81334,24,0x0fb5ce9b6d6767d16e85d64e6a7bfca4814e65dcc78089504df6a4579a8cb01b,1,9016,9015,90fdd7f5d6b8e9380003a6b331ae33f5b49a4ee0,c4a8fd58784e12ef46b80417566c41b3cddeaec5,1,1742562871
success,81334,25,0xc70ac020ed7fc0c4d33a293a2f4525ce0cf6c37990fb7994ad3ff91f4e23d27f,1,9016,9015,90fdd7f5d6b8e9380003a6b331ae33f5b49a4ee0,c4a8fd58784e12ef46b80417566c41b3cddeaec5,1,1742562872
success,81334,26,0xf7b188f1f76e81d094d158d6e5570bae3299f0409aa39ab612461d6ef420a17e,1,9016,9015,90fdd7f5d6b8e9380003a6b331ae33f5b49a4ee0,c4a8fd58784e12ef46b80417566c41b3cddeaec5,1,1742562873
success,81334,27,0x43726cbd4b6ca5e1f500a0e5ad651b97bcf1dce29ff7e70625b8903babd678eb,1,9016,9015,90fdd7f5d6b8e9380003a6b331ae33f5b49a4ee0,c4a8fd58784e12ef46b80417566c41b3cddeaec5,1,1742562873
success,81334,28,0xd0aeb377e737bebe604a702468059cc7a750d06c44c17b2add9de9a8d596a326,1,9016,9015,90fdd7f5d6b8e9380003a6b331ae33f5b49a4ee0,c4a8fd58784e12ef46b80417566c41b3cddeaec5,1,1742562874
success,81334,29,0x340c23c5311dfc69a63fd57f1eb9aba1fe9081bc715a5988b98118892193a84d,1,9016,9015,90fdd7f5d6b8e9380003a6b331ae33f5b49a4ee0,c4a8fd58784e12ef46b80417566c41b3cddeaec5,1,1742562874
success,81334,30,0x2e4427c944f9e583dff53817af81e2427673dea32d068e9f41892d0151153027,1,9016,9015,90fdd7f5d6b8e9380003a6b331ae33f5b49a4ee0,c4a8fd58784e12ef46b80417566c41b3cddeaec5,1,1742562875
success,81334,31,0x6643fd2cc446fec292e66d0f106ab13949fd5284d5cddce2d80218a282ff55a3,1,9016,9015,90fdd7f5d6b8e9380003a6b331ae33f5b49a4ee0,c4a8fd58784e12ef46b80417566c41b3cddeaec5,1,1742562875
success,81334,32,0x1bd27c50969114942d76f1e16213d82c07f19640b9cb6039e3cd3a281a5fd9ca,1,9016,9015,90fdd7f5d6b8e9380003a6b331ae33f5b49a4ee0,c4a8fd58784e12ef46b80417566c41b3cddeaec5,1,1742562876
success,81334,33,0x12698d2533d8c42e015dd355dfffbfc630ca41af78897e9943aa30de6cdfca97,1,9016,9015,90fdd7f5d6b8e9380003a6b331ae33f5b49a4ee0,c4a8fd58784e12ef46b80417566c41b3cddeaec5,1,1742562876
success,81334,34,0x103c1da5869500b91c7a23ffae36f92b443bd522164e2f0854401d9b6fe71ef1,1,9016,9015,90fdd7f5d6b8e9380003a6b331ae33f5b49a4ee0,c4a8fd58784e12ef46b80417566c41b3cddeaec5,1,1742562877
success,81334,35,0x610af6b4474e03da74edbb971aecbb0182bcafe73e1cf2c1aed38e275b47d21d,1,9016,9015,90fdd7f5d6b8e9380003a6b331ae33f5b49a4ee0,c4a8fd58784e12ef46b80417566c41b3cddeaec5,1,1742562878
success,81334,36,0x57b78f85d2ff719ca881065b7796254372aa2ea799ea135dd6a8d472576c1bcc,1,9016,9015,90fdd7f5d6b8e9380003a6b331ae33f5b49a4ee0,c4a8fd58784e12ef46b80417566c41b3cddeaec5,1,1742562878
success,81334,37,0x834ef7ea7e79074df3dbaf225ac14e43c81841148de7293223b046ad57c56303,1,9016,9015,90fdd7f5d6b8e9380003a6b331ae33f5b49a4ee0,c4a8fd58784e12ef46b80417566c41b3cddeaec5,1,1742562879
success,81334,38,0x2608968d4e433f8ebb3a3fe2e429f30a4585e62a1dccff0f235a2bdeade5eb3d,1,9016,9015,90fdd7f5d6b8e9380003a6b331ae33f5b49a4ee0,c4a8fd58784e12ef46b80417566c41b3cddeaec5,1,1742562879
success,81334,39,0x7d6459fc79d4d4329c9672dab339fb44450a8fbac9538fb30d7983041a8cb781,1,9016,9015,90fdd7f5d6b8e9380003a6b331ae33f5b49a4ee0,c4a8fd58784e12ef46b80417566c41b3cddeaec5,1,1742562880
success,81334,40,0x87799da8a9131f7e208494c4237b8778302cc9980585e96695a8b8d7414d5c12,1,9016,9015,90fdd7f5d6b8e9380003a6b331ae33f5b49a4ee0,c4a8fd58784e12ef46b80417566c41b3cddeaec5,1,1742562881
success,81334,41,0x39ddb5b9350eb6c9d39a3765e7557d98b838990fdce9e7d627c589f9158d478f,1,9016,9015,90fdd7f5d6b8e9380003a6b331ae33f5b49a4ee0,c4a8fd58784e12ef46b80417566c41b3cddeaec5,1,1742562881
success,81334,42,0x0f22cb71429d42e26426eace593952b4652bcc9bc5b5f8223b561c0c4cfe2679,1,9016,9015,90fdd7f5d6b8e9380003a6b331ae33f5b49a4ee0,c4a8fd58784e12ef46b80417566c41b3cddeaec5,1,1742562882
success,81334,43,0x2f121d994dcc4b73e117b011ad16d61cc0f4705b2413cc29b76476e2f58dd474,1,9016,9015,90fdd7f5d6b8e9380003a6b331ae33f5b49a4ee0,c4a8fd58784e12ef46b80417566c41b3cddeaec5,1,1742562882
success,81334,44,0xb79df1488ba487d856cd083cbd0850bab7453c62a5c9a6d25f993fc4e4a9df8c,1,9016,9015,90fdd7f5d6b8e9380003a6b331ae33f5b49a4ee0,c4a8fd58784e12ef46b80417566c41b3cddeaec5,1,1742562883
success,81334,45,0xea2548cd0e9fd691d89725526d2f6deef8411983441443a0258bcf632793d6cd,1,9016,9015,90fdd7f5d6b8e9380003a6b331ae33f5b49a4ee0,c4a8fd58784e12ef46b80417566c41b3cddeaec5,1,1742562883
success,81334,46,0x989627170565200d844b92d85c79c704fe98a92e20ef20a5d2b53c5205fdb2c2,1,9016,9015,90fdd7f5d6b8e9380003a6b331ae33f5b49a4ee0,c4a8fd58784e12ef46b80417566c41b3cddeaec5,1,1742562884
success,81334,47,0x7a13318e0f4f2f499fd56ccacee1214df0f270c05d3b9b5c1e0c6c59132a115f,1,9016,9015,90fdd7f5d6b8e9380003a6b331ae33f5b49a4ee0,c4a8fd58784e12ef46b80417566c41b3cddeaec5,1,1742562884
success,81334,48,0x53ce69b4177e2138cececa217895a7381d7b80784df88cc4b3752ce95b10acc7,1,9016,9015,90fdd7f5d6b8e9380003a6b331ae33f5b49a4ee0,c4a8fd58784e12ef46b80417566c41b3cddeaec5,1,1742562885
success,81334,49,0x2304b10c17136374e744ec9ff62d78ab4b1e8bdc121b37c3e00f8e6e0d5652ca,1,9016,9015,90fdd7f5d6b8e9380003a6b331ae33f5b49a4ee0,c4a8fd58784e12ef46b80417566c41b3cddeaec5,1,1742562885
success,81334,50,0x15fe78ed0966436471807df1cdc301efd90bf21e87cc6b3829f2f484b6675d60,1,9016,9015,90fdd7f5d6b8e9380003a6b331ae33f5b49a4ee0,c4a8fd58784e12ef46b80417566c41b3cddeaec5,1,1742562886
success,81334,51,0x148d7f85f584cc709c4088c4987de58670cad8097a1dd9d26bf6d44d0d2812d6,1,9016,9015,90fdd7f5d6b8e9380003a6b331ae33f5b49a4ee0,c4a8fd58784e12ef46b80417566c41b3cddeaec5,1,1742562886
success,81334,52,0xb0ebb32fdc4326660ee1916098c1bd8c1285a59760773dfec5f14d432a6e6061,1,9016,9015,90fdd7f5d6b8e9380003a6b331ae33f5b49a4ee0,c4a8fd58784e12ef46b80417566c41b3cddeaec5,1,1742562887
success,81334,53,0xbc626bd23f02881c1b971bfd60c16a396e528e4e9ecc2b9d4a159fa6cc5a630d,1,9016,9015,90fdd7f5d6b8e9380003a6b331ae33f5b49a4ee0,c4a8fd58784e12ef46b80417566c41b3cddeaec5,1,1742562888
success,81334,54,0x0d3ea59c248002d04a0a9f312e91563991029042b97ab31e25ab0874d9a3ed64,1,9016,9015,90fdd7f5d6b8e9380003a6b331ae33f5b49a4ee0,c4a8fd58784e12ef46b80417566c41b3cddeaec5,1,1742562888
success,81334,55,0x5e72adf9880bacff8fe49bad93439df8ebd41697ec2f13d626d8f9e0f4721be6,1,9016,9015,90fdd7f5d6b8e9380003a6b331ae33f5b49a4ee0,c4a8fd58784e12ef46b80417566c41b3cddeaec5,1,1742562889
success,81334,56,0x5eab08fc398d8a34bf1ae746c2317aa9fdb8785c1a708246d272f0d78d03676f,1,9016,9015,90fdd7f5d6b8e9380003a6b331ae33f5b49a4ee0,c4a8fd58784e12ef46b80417566c41b3cddeaec5,1,1742562889
success,81334,57,0x5a9e157ac6b09053a58899d34dd0cb6f1ad89395254dedf380ef99a993026485,1,9016,9015,90fdd7f5d6b8e9380003a6b331ae33f5b49a4ee0,c4a8fd58784e12ef46b80417566c41b3cddeaec5,1,1742562890
success,81334,58,0x3d7dea75ec7a36d661b430e0e6b0290dae7ad11db2c109dcd8cfefa4a8189149,1,9016,9015,90fdd7f5d6b8e9380003a6b331ae33f5b49a4ee0,c4a8fd58784e12ef46b80417566c41b3cddeaec5,1,1742562890
success,81334,59,0x25ffd8f98a10b2b168e21ca5dc0e15226e56ed993f3daba38184d52030ae6d96,1,9016,9015,90fdd7f5d6b8e9380003a6b331ae33f5b49a4ee0,c4a8fd58784e12ef46b80417566c41b3cddeaec5,1,1742562891
success,81334,60,0xf7f9b1c1358f10e947d93985465f7066a2abcb4ab832d76d69b2df84b2f6e25c,1,9016,9015,90fdd7f5d6b8e9380003a6b331ae33f5b49a4ee0,c4a8fd58784e12ef46b80417566c41b3cddeaec5,1,1742562892
success,81334,61,0xc0ff0ad8cb442739b89c12523eb1ceb456623bac24c693410f4da1adaffa734d,1,9016,9015,90fdd7f5d6b8e9380003a6b331ae33f5b49a4ee0,c4a8fd58784e12ef46b80417566c41b3cddeaec5,1,1742562892
success,81334,62,0xbc4fbbe786969159f0741c78c31821dee5fb0be7e07f08e721fc1e78459f9c42,1,9016,9015,90fdd7f5d6b8e9380003a6b331ae33f5b49a4ee0,c4a8fd58784e12ef46b80417566c41b3cddeaec5,1,1742562893
success,81334,63,0x612b3848bd18bf6365b6626d74c41b8d757e4d1fe69a73060390280c371d4a47,1,9016,9015,90fdd7f5d6b8e9380003a6b331ae33f5b49a4ee0,c4a8fd58784e12ef46b80417566c41b3cddeaec5,1,1742562894
success,81334,64,0x81ed1f3f8fdf4918c7303a03355553a19bc3655a9119633d06d0efbe7dbf317d,1,9016,9015,90fdd7f5d6b8e9380003a6b331ae33f5b49a4ee0,c4a8fd58784e12ef46b80417566c41b3cddeaec5,1,1742562894
success,81334,65,0x45b86f85cfceb792238039b057a0e1b1ba88ce348243fa2286ca496261ee0463,1,9016,9015,90fdd7f5d6b8e9380003a6b331ae33f5b49a4ee0,c4a8fd58784e12ef46b80417566c41b3cddeaec5,1,1742562895
success,81334,66,0xc9d0b60ff28ad5d079d52e80fe26152535923c0b7723919ea76689a34e44c814,1,9016,9015,90fdd7f5d6b8e9380003a6b331ae33f5b49a4ee0,c4a8fd58784e12ef46b80417566c41b3cddeaec5,1,1742562895
success,81334,67,0x15e23e99aeb66c19112fb389ed84132e582cb8a385ef9cd0ed96c1e34395d907,1,9016,9015,90fdd7f5d6b8e9380003a6b331ae33f5b49a4ee0,c4a8fd58784e12ef46b80417566c41b3cddeaec5,1,1742562896
success,81334,68,0xae7f698a8e444a01670e183a952575a09cff692aa611ef0cc87b3d5c44b60541,1,9016,9015,90fdd7f5d6b8e9380003a6b331ae33f5b49a4ee0,c4a8fd58784e12ef46b80417566c41b3cddeaec5,1,1742562896
success,81334,69,0x0d47ec9494757ccf49e5a4f27c5cbf53821ffaac9175323fa67f8b1e79f9f9df,1,9016,9015,90fdd7f5d6b8e9380003a6b331ae33f5b49a4ee0,c4a8fd58784e12ef46b80417566c41b3cddeaec5,1,1742562897
success,81334,70,0x19486127c1cb8c729a0f63094a9b0c5d4a7d5aa742cd071c22eb7cc57742a80f,1,9016,9015,90fdd7f5d6b8e9380003a6b331ae33f5b49a4ee0,c4a8fd58784e12ef46b80417566c41b3cddeaec5,1,1742562897
success,81334,71,0x7bb73b32c2a24dbc54d856c122ac15f35d0a9c4aaee43e7fb1eb96b22177c409,1,9016,9015,90fdd7f5d6b8e9380003a6b331ae33f5b49a4ee0,c4a8fd58784e12ef46b80417566c41b3cddeaec5,1,1742562898
success,81334,72,0xd64bfdaecb15db55d262b6a4c4bd4400be62dcd6de7a93fae088c8380a77f5c2,1,9016,9015,90fdd7f5d6b8e9380003a6b331ae33f5b49a4ee0,c4a8fd58784e12ef46b80417566c41b3cddeaec5,1,1742562898
success,81334,73,0x6b9dbef7d15b015323bb2ff0476c6f5f9c32842db21e17853b6a0fc64ca33c88,1,9016,9015,90fdd7f5d6b8e9380003a6b331ae33f5b49a4ee0,c4a8fd58784e12ef46b80417566c41b3cddeaec5,1,1742562899
success,81334,74,0x92330a87e44d6707ead68abc919a187da1afb17b303e6ec2ebc4a4bb085b8084,1,9016,9015,90fdd7f5d6b8e9380003a6b331ae33f5b49a4ee0,c4a8fd58784e12ef46b80417566c41b3cddeaec5,1,1742562899
success,81334,75,0x51494d39c3764f26b54c0fd4066c1684c19848fa41505bc32f3ca812fd5b7c9e,1,9016,9015,90fdd7f5d6b8e9380003a6b331ae33f5b49a4ee0,c4a8fd58784e12ef46b80417566c41b3cddeaec5,1,1742562900
success,81334,76,0x6bfc8bdca41d1035f62b60ad80ba5e22cf3348826ee8584c2468d2c0a62a0a94,1,9016,9015,90fdd7f5d6b8e9380003a6b331ae33f5b49a4ee0,c4a8fd58784e12ef46b80417566c41b3cddeaec5,1,1742562901
success,81334,77,0x9ffae1e6500ce55717a1c81bc8701069f91c6a9d17cbf6eded833aedc5e49032,1,9016,9015,90fdd7f5d6b8e9380003a6b331ae33f5b49a4ee0,c4a8fd58784e12ef46b80417566c41b3cddeaec5,1,1742562901
success,81334,78,0x5a19e7f73cda5432b885568931c42698480a93fa31b0e0026843304a65bad500,1,9016,9015,90fdd7f5d6b8e9380003a6b331ae33f5b49a4ee0,c4a8fd58784e12ef46b80417566c41b3cddeaec5,1,1742562902
success,81334,79,0xc1037c1b1af4d68af4363b2fae012e674d8f7f045153e4e0af19bb8e8f63ecf6,1,9016,9015,90fdd7f5d6b8e9380003a6b331ae33f5b49a4ee0,c4a8fd58784e12ef46b80417566c41b3cddeaec5,1,1742562902
success,81334,80,0x7f946c629dcf69c93aa99d43e8a0a861827becb676ca92fecdd106b59ce7cd35,1,9016,9015,90fdd7f5d6b8e9380003a6b331ae33f5b49a4ee0,c4a8fd58784e12ef46b80417566c41b3cddeaec5,1,1742562903
success,81334,81,0xce958c77c82f2b0dd26789e3860085f90a8271006e7c9a3a859db8491c99ebd8,1,9016,9015,90fdd7f5d6b8e9380003a6b331ae33f5b49a4ee0,c4a8fd58784e12ef46b80417566c41b3cddeaec5,1,1742562903
success,81334,82,0x323dc5339525a27e14f88319592c72ef0652edaa2f188323c1d0e53b30b09328,1,9016,9015,90fdd7f5d6b8e9380003a6b331ae33f5b49a4ee0,c4a8fd58784e12ef46b80417566c41b3cddeaec5,1,1742562904
success,81334,83,0x6bea827b10fc8649963f48e6461d6d5deff90d908f2355deee7d5dae3d45b516,1,9016,9015,90fdd7f5d6b8e9380003a6b331ae33f5b49a4ee0,c4a8fd58784e12ef46b80417566c41b3cddeaec5,1,1742562905
success,81334,84,0x80a9c22e34fc2fb8fa279dc4d037bd71db7264fc5e66bb779c90ba69f24b8ce3,1,9016,9015,90fdd7f5d6b8e9380003a6b331ae33f5b49a4ee0,c4a8fd58784e12ef46b80417566c41b3cddeaec5,1,1742562906
success,81334,85,0x84319ede583d375a981fcadf5d1dcd31e36edc8da6aa20c4722967a57f463c0a,1,9016,9015,90fdd7f5d6b8e9380003a6b331ae33f5b49a4ee0,c4a8fd58784e12ef46b80417566c41b3cddeaec5,1,1742562907
success,81334,86,0x21058b47133b8ea313d3bca83f755464701aa946caafb24a78067416c27f3c29,1,9016,9015,90fdd7f5d6b8e9380003a6b331ae33f5b49a4ee0,c4a8fd58784e12ef46b80417566c41b3cddeaec5,1,1742562907
success,81334,87,0x3ee003a53a945c6a74331ae1aa0e4a1dbcc3e6c9ab327bd0858505282d50a4ab,1,9016,9015,90fdd7f5d6b8e9380003a6b331ae33f5b49a4ee0,c4a8fd58784e12ef46b80417566c41b3cddeaec5,1,1742562908
success,81334,88,0xcb9748f0214d7f018bf3df0b16318a7f47c333512082c49a76fffdb7a938e1d6,1,9016,9015,90fdd7f5d6b8e9380003a6b331ae33f5b49a4ee0,c4a8fd58784e12ef46b80417566c41b3cddeaec5,1,1742562908
success,81334,89,0x7f484dca6f07f497d390b8b3def7368ea7b648994888980595dc132061056781,1,9016,9015,90fdd7f5d6b8e9380003a6b331ae33f5b49a4ee0,c4a8fd58784e12ef46b80417566c41b3cddeaec5,1,1742562909
success,81334,90,0x4a21d5b5bd6723e8f362694b783e05900c5062d77ae084b9ca76bdc9ebbd7c40,1,9016,9015,90fdd7f5d6b8e9380003a6b331ae33f5b49a4ee0,c4a8fd58784e12ef46b80417566c41b3cddeaec5,1,1742562909
success,81334,91,0x24575cfe019c6d178f0a81c5ac68a47888117dd605f6c13317856c5cf66b7005,1,9016,9015,90fdd7f5d6b8e9380003a6b331ae33f5b49a4ee0,c4a8fd58784e12ef46b80417566c41b3cddeaec5,1,1742562910
success,81334,92,0x51a571f5c66aec21a293fcc0469cf9abd194ed54b5d19840ea7a1e1a536623d1,1,9016,9015,90fdd7f5d6b8e9380003a6b331ae33f5b49a4ee0,c4a8fd58784e12ef46b80417566c41b3cddeaec5,1,1742562910
success,81334,93,0x2334a4aef60b8c01b407fb7773fc37a2baf772ee0598570c5c73b994ac8542e7,1,9016,9015,90fdd7f5d6b8e9380003a6b331ae33f5b49a4ee0,c4a8fd58784e12ef46b80417566c41b3cddeaec5,1,1742562911
success,81334,94,0x4d37c5ac27f945a62f4cf5ca94a982f7f6e5d4446ae55d9a9d9476a34215d428,1,9016,9015,90fdd7f5d6b8e9380003a6b331ae33f5b49a4ee0,c4a8fd58784e12ef46b80417566c41b3cddeaec5,1,1742562911
success,81334,95,0x676c50957687527499acd055a78d80c959f97d0b32418418cbd33c157c31f7b4,1,9016,9015,90fdd7f5d6b8e9380003a6b331ae33f5b49a4ee0,c4a8fd58784e12ef46b80417566c41b3cddeaec5,1,1742562912
success,81334,96,0xb8a2e2edb0cd7d705ba3c0f83284fcae3735d199ef3bb35874f093794593b141,1,9016,9015,90fdd7f5d6b8e9380003a6b331ae33f5b49a4ee0,c4a8fd58784e12ef46b80417566c41b3cddeaec5,1,1742562912
success,81334,97,0xe1842b61290781585779814cfb348ff310c1431ac41bd733bc0f29599a881a0f,1,9016,9015,90fdd7f5d6b8e9380003a6b331ae33f5b49a4ee0,c4a8fd58784e12ef46b80417566c41b3cddeaec5,1,1742562913
success,81334,98,0x7ae110afa3a964852dc265a49c180fec302c0a02850dc947f73002776aef085b,1,9016,9015,90fdd7f5d6b8e9380003a6b331ae33f5b49a4ee0,c4a8fd58784e12ef46b80417566c41b3cddeaec5,1,1742562914
success,81334,99,0x811a3acc16141cc798fd0ad22f894ccee5fade497fd2e3be0d9aa02434cfc77d,1,9016,9015,90fdd7f5d6b8e9380003a6b331ae33f5b49a4ee0,c4a8fd58784e12ef46b80417566c41b3cddeaec5,1,1742562914
success,81334,100,0x5df237a45121d12acfbb69b937b73cb7c9a6609de6f948374e7eb1f637a32199,1,9016,9015,90fdd7f5d6b8e9380003a6b331ae33f5b49a4ee0,c4a8fd58784e12ef46b80417566c41b3cddeaec5,1,1742562915
success,81334,101,0x24489a90a174345b19d71a26918f167a0fc6a53d14b4530b1db62e8c85529673,1,9016,9015,90fdd7f5d6b8e9380003a6b331ae33f5b49a4ee0,c4a8fd58784e12ef46b80417566c41b3cddeaec5,1,1742562915
success,81334,102,0xb68e7e2800c3fa1ac86288ccf49ed353fe25bd97f508f91c27f717ee8d1d53e9,1,9016,9015,90fdd7f5d6b8e9380003a6b331ae33f5b49a4ee0,c4a8fd58784e12ef46b80417566c41b3cddeaec5,1,1742562916
success,81334,3,0xaafb4b0e5aeaed463bd97036dda051e7ac0ad9f3d325fc1983bc31e8260b36a8,1,9016,9015,90fdd7f5d6b8e9380003a6b331ae33f5b49a4ee0,c4a8fd58784e12ef46b80417566c41b3cddeaec5,1,1742562917
success,81334,4,0x0301663823a8b07c3279e7c580c84a06d248f7069586f220bc4e7c09fc9c9e71,1,9016,9015,90fdd7f5d6b8e9380003a6b331ae33f5b49a4ee0,c4a8fd58784e12ef46b80417566c41b3cddeaec5,1,1742562918
success,81334,5,0xaee0cded52ca35d29307c76232f8450e63ee62a3997070278b5e73dec1627739,1,9016,9015,90fdd7f5d6b8e9380003a6b331ae33f5b49a4ee0,c4a8fd58784e12ef46b80417566c41b3cddeaec5,1,1742562918
success,81334,6,0x0fc98b2546de9d59275cfa7740f1c50760b53ccff3aa9006739265e4f5c0dfeb,1,9016,9015,90fdd7f5d6b8e9380003a6b331ae33f5b49a4ee0,c4a8fd58784e12ef46b80417566c41b3cddeaec5,1,1742562919
success,81334,7,0xdb26d6950f4dd1d060682ba080bae78b5801d9edc3e1bb46fada2ba0bacac7bc,1,9016,9015,90fdd7f5d6b8e9380003a6b331ae33f5b49a4ee0,c4a8fd58784e12ef46b80417566c41b3cddeaec5,1,1742562920
success,81334,8,0xf7e5515573d43e46d10fb0119482e4c93c2db188e343d1c68391a04b33fd0685,1,9016,9015,90fdd7f5d6b8e9380003a6b331ae33f5b49a4ee0,c4a8fd58784e12ef46b80417566c41b3cddeaec5,1,1742562920
success,81334,9,0xd951b68a34c945df0943a53b934f0ca2e53883f87f051bd95330dccf83c6355b,1,9016,9015,90fdd7f5d6b8e9380003a6b331ae33f5b49a4ee0,c4a8fd58784e12ef46b80417566c41b3cddeaec5,1,1742562921
success,81334,10,0x572924b90ec8cfbf12b5ca74487b76ae6ea8adcce98b0c0192e2172c6027f6a2,1,9016,9015,90fdd7f5d6b8e9380003a6b331ae33f5b49a4ee0,c4a8fd58784e12ef46b80417566c41b3cddeaec5,1,1742562922
